<?xml version="1.0" encoding="UTF-8"?>
<testsuite name="TestSuite" time="14.01" tests="3" errors="0" skipped="0" failures="1">
  <properties>
[...]
</properties>
  <testcase name="loginTest" classname="com.ebank.TestCases.TC_LoginTest_001" time="7.928"/>
  <testcase name="VerifyTitle" classname="com.ebank.TestCases.TC_LoginTest_001" time="3.067">
    <failure message="expected [Guru99] but found [Guru99 Bank Home Page]" type="java.lang.AssertionError">java.lang.AssertionError: expected [Guru99] but found [Guru99 Bank Home Page]
	at org.testng.Assert.fail(Assert.java:97)
	at org.testng.Assert.assertEqualsImpl(Assert.java:136)
	at org.testng.Assert.assertEquals(Assert.java:118)
	at org.testng.Assert.assertEquals(Assert.java:575)
	at org.testng.Assert.assertEquals(Assert.java:585)
	at com.ebank.TestCases.TC_LoginTest_001.VerifyTitle(TC_LoginTest_001.java:52)
</failure>
    <system-out><![CDATA[Open the driver
 INFO [main] (BaseClass.java:71)- Open the driver
22827 [main] INFO com.ebank.TestCases.BaseClass  - Open the driver
 INFO [main] (BaseClass.java:76)- Browser is launched
25760 [main] INFO com.ebank.TestCases.BaseClass  - Browser is launched
Browser is launched
 INFO [main] (BaseClass.java:81)- Url is launched
30560 [main] INFO com.ebank.TestCases.BaseClass  - Url is launched
Url is launched
 INFO [main] (BaseClass.java:86)- Browser is maximized
30696 [main] INFO com.ebank.TestCases.BaseClass  - Browser is maximized
Browser is maximized
]]></system-out>
    <system-err><![CDATA[Starting ChromeDriver 93.0.4577.15 (660fc11082ba57405eca2e8c49c3e1af756fbfae-refs/branch-heads/4577@{#203}) on port 41083
Only local connections are allowed.
Please see https://chromedriver.chromium.org/security-considerations for suggestions on keeping ChromeDriver safe.
ChromeDriver was started successfully.
[1633937809.592][WARNING]: This version of ChromeDriver has not been tested with Chrome version 94.
Oct 11, 2021 1:06:50 PM org.openqa.selenium.remote.ProtocolHandshake createSession
INFO: Detected dialect: W3C
]]></system-err>
  </testcase>
  <testcase name="ToSkip" classname="com.ebank.TestCases.TC_LoginTest_001" time="3.015"/>
</testsuite>