<?xml version="1.0" encoding="UTF-8"?>
<testng-results skipped="0" failed="0" total="1" passed="1">
  <reporter-output>
  </reporter-output>
  <suite name="EBank_v1_Demo" duration-ms="11696" started-at="2021-10-08T17:11:06Z" finished-at="2021-10-08T17:11:17Z">
    <groups>
    </groups>
    <test name="Banking Test" duration-ms="11696" started-at="2021-10-08T17:11:06Z" finished-at="2021-10-08T17:11:17Z">
      <class name="com.ebank.TestCases.TC_LoginTest_001">
        <test-method status="PASS" signature="preSetUp()[pri:0, instance:com.ebank.TestCases.TC_LoginTest_001@47ef968d]" name="preSetUp" is-config="true" duration-ms="130" started-at="2021-10-08T22:41:06Z" finished-at="2021-10-08T22:41:06Z">
          <reporter-output>
          </reporter-output>
        </test-method> <!-- preSetUp -->
        <test-method status="PASS" signature="setup(java.lang.String)[pri:0, instance:com.ebank.TestCases.TC_LoginTest_001@47ef968d]" name="setup" is-config="true" duration-ms="9441" started-at="2021-10-08T22:41:06Z" finished-at="2021-10-08T22:41:15Z">
          <params>
            <param index="0">
              <value>
                <![CDATA[chrome]]>
              </value>
            </param>
          </params>
          <reporter-output>
          </reporter-output>
        </test-method> <!-- setup -->
        <test-method status="PASS" signature="loginTest()[pri:0, instance:com.ebank.TestCases.TC_LoginTest_001@47ef968d]" name="loginTest" duration-ms="1519" started-at="2021-10-08T22:41:15Z" finished-at="2021-10-08T22:41:17Z">
          <reporter-output>
          </reporter-output>
        </test-method> <!-- loginTest -->
        <test-method status="PASS" signature="tearDown(org.testng.ITestResult)[pri:0, instance:com.ebank.TestCases.TC_LoginTest_001@47ef968d]" name="tearDown" is-config="true" duration-ms="716" started-at="2021-10-08T22:41:17Z" finished-at="2021-10-08T22:41:17Z">
          <params>
            <param index="0">
              <value>
                <![CDATA[[TestResult name=loginTest status=SUCCESS method=TC_LoginTest_001.loginTest()[pri:0, instance:com.ebank.TestCases.TC_LoginTest_001@47ef968d] output={null}]]]>
              </value>
            </param>
          </params>
          <reporter-output>
          </reporter-output>
        </test-method> <!-- tearDown -->
        <test-method status="PASS" signature="endReport()[pri:0, instance:com.ebank.TestCases.TC_LoginTest_001@47ef968d]" name="endReport" is-config="true" duration-ms="275" started-at="2021-10-08T22:41:18Z" finished-at="2021-10-08T22:41:18Z">
          <reporter-output>
          </reporter-output>
        </test-method> <!-- endReport -->
      </class> <!-- com.ebank.TestCases.TC_LoginTest_001 -->
    </test> <!-- Banking Test -->
  </suite> <!-- EBank_v1_Demo -->
</testng-results>
